<?xml version="1.0" encoding="UTF-8"?>
<!-- Generated by org.testng.reporters.JUnitXMLReporter -->
<testsuite hostname="DESKTOP-J8G5JLV" ignored="9" name="Functional" tests="1" failures="0" timestamp="2021-06-14T15:16:11 IST" time="101.678" errors="0">
  <testcase name="Scroll_Vertical" time="5.02" classname="maven.retry.Index_Page"/>
  <testcase name="click_Practice_Projects" time="0.0" classname="maven.retry.Index_Page">
    <ignored/>
  </testcase> <!-- click_Practice_Projects -->
  <testcase name="click_LifetimeAccess" time="0.0" classname="maven.retry.Index_Page">
    <ignored/>
  </testcase> <!-- click_LifetimeAccess -->
  <testcase name="click_Consulting" time="0.0" classname="maven.retry.Index_Page">
    <ignored/>
  </testcase> <!-- click_Consulting -->
  <testcase name="click_Learning_Path" time="0.0" classname="maven.retry.Index_Page">
    <ignored/>
  </testcase> <!-- click_Learning_Path -->
  <testcase name="hover_About" time="0.0" classname="maven.retry.Index_Page">
    <ignored/>
  </testcase> <!-- hover_About -->
  <testcase name="click_Home" time="0.0" classname="maven.retry.Index_Page">
    <ignored/>
  </testcase> <!-- click_Home -->
  <testcase name="click_Courses" time="0.0" classname="maven.retry.Index_Page">
    <ignored/>
  </testcase> <!-- click_Courses -->
  <testcase name="options" time="0.0" classname="maven.retry.Index_Page">
    <ignored/>
  </testcase> <!-- options -->
  <testcase name="click_Mentorship" time="0.0" classname="maven.retry.Index_Page">
    <ignored/>
  </testcase> <!-- click_Mentorship -->
</testsuite> <!-- Functional -->
