<?xml version="1.0" encoding="UTF-8"?>
<!-- Generated by org.testng.reporters.JUnitXMLReporter -->
<testsuite hostname="DESKTOP-J8G5JLV" ignored="0" name="Default test" tests="7" failures="0" timestamp="2021-06-11T19:02:11 IST" time="144.581" errors="0">
  <testcase name="@BeforeTest before_assigment_2_test" time="144.097" classname="maven.retry.Assegnment_2">
    <failure type="java.util.NoSuchElementException">
      <![CDATA[java.util.NoSuchElementException
at java.util.LinkedHashMap$LinkedHashIterator.nextNode(Unknown Source)
at java.util.LinkedHashMap$LinkedKeyIterator.next(Unknown Source)
at maven.retry.Assegnment_2.before_assigment_2_test(Assegnment_2.java:39)
at sun.reflect.NativeMethodAccessorImpl.invoke0(Native Method)
at sun.reflect.NativeMethodAccessorImpl.invoke(Unknown Source)
at sun.reflect.DelegatingMethodAccessorImpl.invoke(Unknown Source)
at java.lang.reflect.Method.invoke(Unknown Source)
at org.testng.internal.MethodInvocationHelper.invokeMethod(MethodInvocationHelper.java:133)
at org.testng.internal.MethodInvocationHelper.invokeMethodConsideringTimeout(MethodInvocationHelper.java:62)
at org.testng.internal.ConfigInvoker.invokeConfigurationMethod(ConfigInvoker.java:385)
at org.testng.internal.ConfigInvoker.invokeConfigurations(ConfigInvoker.java:321)
at org.testng.TestRunner.invokeTestConfigurations(TestRunner.java:637)
at org.testng.TestRunner.beforeRun(TestRunner.java:627)
at org.testng.TestRunner.run(TestRunner.java:589)
at org.testng.SuiteRunner.runTest(SuiteRunner.java:377)
at org.testng.SuiteRunner.runSequentially(SuiteRunner.java:371)
at org.testng.SuiteRunner.privateRun(SuiteRunner.java:332)
at org.testng.SuiteRunner.run(SuiteRunner.java:276)
at org.testng.SuiteRunnerWorker.runSuite(SuiteRunnerWorker.java:53)
at org.testng.SuiteRunnerWorker.run(SuiteRunnerWorker.java:96)
at org.testng.TestNG.runSuitesSequentially(TestNG.java:1212)
at org.testng.TestNG.runSuitesLocally(TestNG.java:1134)
at org.testng.TestNG.runSuites(TestNG.java:1063)
at org.testng.TestNG.run(TestNG.java:1031)
at org.testng.remote.AbstractRemoteTestNG.run(AbstractRemoteTestNG.java:115)
at org.testng.remote.RemoteTestNG.initAndRun(RemoteTestNG.java:251)
at org.testng.remote.RemoteTestNG.main(RemoteTestNG.java:77)
]]>
    </failure>
  </testcase> <!-- @BeforeTest before_assigment_2_test -->
  <testcase name="checkbox" time="0.0" classname="maven.retry.Assegnment_2">
    <skipped/>
  </testcase> <!-- checkbox -->
  <testcase name="handleTable" time="0.001" classname="maven.retry.Assegnment_2">
    <skipped/>
  </testcase> <!-- handleTable -->
  <testcase name="openTab" time="0.0" classname="maven.retry.Assegnment_2">
    <skipped/>
  </testcase> <!-- openTab -->
  <testcase name="radiobutton" time="0.0" classname="maven.retry.Assegnment_2">
    <skipped/>
  </testcase> <!-- radiobutton -->
  <testcase name="switchToAlert" time="0.0" classname="maven.retry.Assegnment_2">
    <skipped/>
  </testcase> <!-- switchToAlert -->
  <testcase name="switchToConfirmAccept" time="0.0" classname="maven.retry.Assegnment_2">
    <skipped/>
  </testcase> <!-- switchToConfirmAccept -->
  <testcase name="switchToConfirmCancel" time="0.0" classname="maven.retry.Assegnment_2">
    <skipped/>
  </testcase> <!-- switchToConfirmCancel -->
</testsuite> <!-- Default test -->
